<?xml version="1.0" encoding="UTF-8"?>
<testng-results ignored="0" total="1" passed="1" failed="0" skipped="0">
  <reporter-output>
  </reporter-output>
  <suite started-at="2025-12-03T11:34:25 IST" name="Suite" finished-at="2025-12-03T11:34:30 IST" duration-ms="5506">
    <groups>
    </groups>
    <test started-at="2025-12-03T11:34:25 IST" name="Test" finished-at="2025-12-03T11:34:30 IST" duration-ms="5506">
      <class name="testScript.ManageNewsTest">
        <test-method is-config="true" signature="browserInitialisation(java.lang.String)[pri:0, instance:testScript.ManageNewsTest@14028087]" started-at="2025-12-03T11:34:25 IST" name="browserInitialisation" finished-at="2025-12-03T11:34:27 IST" duration-ms="2616" status="PASS">
          <params>
            <param index="0">
              <value>
                <![CDATA[chrome]]>
              </value>
            </param>
          </params>
          <reporter-output>
          </reporter-output>
        </test-method> <!-- browserInitialisation -->
        <test-method signature="verifyUserIsAbleToSearchNewsTitle()[pri:0, instance:testScript.ManageNewsTest@14028087]" started-at="2025-12-03T11:34:27 IST" name="verifyUserIsAbleToSearchNewsTitle" description="user is able to search news title" finished-at="2025-12-03T11:34:30 IST" duration-ms="2840" status="PASS">
          <reporter-output>
          </reporter-output>
        </test-method> <!-- verifyUserIsAbleToSearchNewsTitle -->
        <test-method is-config="true" signature="driverQuit(org.testng.ITestResult)[pri:0, instance:testScript.ManageNewsTest@14028087]" started-at="2025-12-03T11:34:30 IST" name="driverQuit" finished-at="2025-12-03T11:34:30 IST" duration-ms="1" status="PASS">
          <params>
            <param index="0">
              <value>
                <![CDATA[[TestResult name=verifyUserIsAbleToSearchNewsTitle status=SUCCESS method=ManageNewsTest.verifyUserIsAbleToSearchNewsTitle()[pri:0, instance:testScript.ManageNewsTest@14028087] output={null}]]]>
              </value>
            </param>
          </params>
          <reporter-output>
          </reporter-output>
        </test-method> <!-- driverQuit -->
      </class> <!-- testScript.ManageNewsTest -->
    </test> <!-- Test -->
  </suite> <!-- Suite -->
</testng-results>
