<?xml version="1.0" encoding="UTF-8"?>
<!-- Generated by org.testng.reporters.JUnitXMLReporter -->
<testsuite ignored="1" hostname="DESKTOP-HAB0MQF" failures="0" tests="1" name="Test" time="5.506" errors="0" timestamp="2025-12-03T11:34:30 IST">
  <testcase classname="testScript.ManageNewsTest" name="verifyUserIsAbleToSearchNewsTitle" time="2.84"/>
  <testcase classname="testScript.ManageNewsTest" name="verifyUserIsAbleToAddNewNews" time="0.0">
    <ignored/>
  </testcase> <!-- verifyUserIsAbleToAddNewNews -->
</testsuite> <!-- Test -->
